1
0
1
ASSEMBLY
1
PART-1-1
PART-1
1
PART-1-1
14
-2147483646
0
48 1 16 5 0 1 0 -1 -1 1001 1 -1879048189 1 1001 
14
48 1 16 5 0 1 0 -1 -1 1001 1 -1879048189 1 1001 
0
1
PART-1-1
14
-2147483646
0
48 1 16 5 0 1 0 -1 -1 1000 1 -1879048189 1 1000 
14
48 1 16 5 0 1 0 -1 -1 1000 1 -1879048189 1 1000 
0
0
1
PART-1-1
3
_I1
0
2
14
-2147483647
48 1 16 5 0 1 0 -1 -1 300 1 -1879048189 1 300 
0
0
_I2
0
2
14
-2147483647
48 1 16 5 0 1 0 -1 -1 700 1 -1879048189 301 700 
0
0
_PICKEDSET3
0
2
14
-2147483647
48 1 16 5 0 1 0 -1 -1 1000 1 -1879048189 1 1000 
0
0
0
3
END-2
0
1
0
1
PART-1-1
1
3 
0
FORCE_SET
0
1
0
1
PART-1-1
1
2 
0
_PICKEDSET4
0
2
0
1
PART-1-1
1
1 
0
1
PART-1-1
1
_PICKEDSET3
0
2
14
-2147483647
48 1 16 5 0 1 0 -1 -1 1001 1 -1879048189 1 1001 
0
0
0
0
0
